# JRE version: OpenJDK Runtime Environment (8.0_152-b01) (build 1.8.0_152-release-915-b01)
# Java VM: OpenJDK 64-Bit Server VM (25.152-b01 mixed mode windows-amd64 compressed oops)
Heap:
 PSYoungGen      total 448000K, used 249464K [0x00000000e0000000, 0x0000000100000000, 0x0000000100000000)
  eden space 414720K, 55% used [0x00000000e0000000,0x00000000ee1dcdd0,0x00000000f9500000)
  from space 33280K, 54% used [0x00000000fb480000,0x00000000fc6414e0,0x00000000fd500000)
  to   space 32256K, 0% used [0x00000000f9500000,0x00000000f9500000,0x00000000fb480000)
 ParOldGen       total 208384K, used 56728K [0x00000000a0000000, 0x00000000acb80000, 0x00000000e0000000)
  object space 208384K, 27% used [0x00000000a0000000,0x00000000a3766170,0x00000000acb80000)
 Metaspace       used 76380K, capacity 80224K, committed 80344K, reserved 1118208K
  class space    used 9854K, capacity 10734K, committed 10752K, reserved 1048576K
GC Heap History (10 events):
Event: 18.741 GC heap before
{Heap before GC invocations=11 (full 2):
 PSYoungGen      total 288256K, used 121480K [0x00000000e0000000, 0x00000000f3d80000, 0x0000000100000000)
  eden space 271360K, 38% used [0x00000000e0000000,0x00000000e6622e00,0x00000000f0900000)
  from space 16896K, 99% used [0x00000000f2000000,0x00000000f307f4e0,0x00000000f3080000)
  to   space 23552K, 0% used [0x00000000f0900000,0x00000000f0900000,0x00000000f2000000)
 ParOldGen       total 134656K, used 29448K [0x00000000a0000000, 0x00000000a8380000, 0x00000000e0000000)
  object space 134656K, 21% used [0x00000000a0000000,0x00000000a1cc22e8,0x00000000a8380000)
 Metaspace       used 56543K, capacity 58914K, committed 58968K, reserved 1099776K
  class space    used 7701K, capacity 8297K, committed 8320K, reserved 1048576K
Event: 18.806 GC heap after
Heap after GC invocations=11 (full 2):
 PSYoungGen      total 294912K, used 23541K [0x00000000e0000000, 0x00000000f9c00000, 0x0000000100000000)
  eden space 271360K, 0% used [0x00000000e0000000,0x00000000e0000000,0x00000000f0900000)
  from space 23552K, 99% used [0x00000000f0900000,0x00000000f1ffd4e0,0x00000000f2000000)
  to   space 29184K, 0% used [0x00000000f7f80000,0x00000000f7f80000,0x00000000f9c00000)
 ParOldGen       total 134656K, used 35352K [0x00000000a0000000, 0x00000000a8380000, 0x00000000e0000000)
  object space 134656K, 26% used [0x00000000a0000000,0x00000000a2286030,0x00000000a8380000)
 Metaspace       used 56543K, capacity 58914K, committed 58968K, reserved 1099776K
  class space    used 7701K, capacity 8297K, committed 8320K, reserved 1048576K
}
Event: 18.806 GC heap before
{Heap before GC invocations=12 (full 3):
 PSYoungGen      total 294912K, used 23541K [0x00000000e0000000, 0x00000000f9c00000, 0x0000000100000000)
  eden space 271360K, 0% used [0x00000000e0000000,0x00000000e0000000,0x00000000f0900000)
  from space 23552K, 99% used [0x00000000f0900000,0x00000000f1ffd4e0,0x00000000f2000000)
  to   space 29184K, 0% used [0x00000000f7f80000,0x00000000f7f80000,0x00000000f9c00000)
 ParOldGen       total 134656K, used 35352K [0x00000000a0000000, 0x00000000a8380000, 0x00000000e0000000)
  object space 134656K, 26% used [0x00000000a0000000,0x00000000a2286030,0x00000000a8380000)
 Metaspace       used 56543K, capacity 58914K, committed 58968K, reserved 1099776K
  class space    used 7701K, capacity 8297K, committed 8320K, reserved 1048576K
Event: 19.170 GC heap after
Heap after GC invocations=12 (full 3):
 PSYoungGen      total 294912K, used 0K [0x00000000e0000000, 0x00000000f9c00000, 0x0000000100000000)
  eden space 271360K, 0% used [0x00000000e0000000,0x00000000e0000000,0x00000000f0900000)
  from space 23552K, 0% used [0x00000000f0900000,0x00000000f0900000,0x00000000f2000000)
  to   space 29184K, 0% used [0x00000000f7f80000,0x00000000f7f80000,0x00000000f9c00000)
 ParOldGen       total 208384K, used 48474K [0x00000000a0000000, 0x00000000acb80000, 0x00000000e0000000)
  object space 208384K, 23% used [0x00000000a0000000,0x00000000a2f56a60,0x00000000acb80000)
 Metaspace       used 56543K, capacity 58914K, committed 58968K, reserved 1099776K
  class space    used 7701K, capacity 8297K, committed 8320K, reserved 1048576K
}
Event: 239.603 GC heap before
{Heap before GC invocations=13 (full 3):
 PSYoungGen      total 294912K, used 271360K [0x00000000e0000000, 0x00000000f9c00000, 0x0000000100000000)
  eden space 271360K, 100% used [0x00000000e0000000,0x00000000f0900000,0x00000000f0900000)
  from space 23552K, 0% used [0x00000000f0900000,0x00000000f0900000,0x00000000f2000000)
  to   space 29184K, 0% used [0x00000000f7f80000,0x00000000f7f80000,0x00000000f9c00000)
 ParOldGen       total 208384K, used 48474K [0x00000000a0000000, 0x00000000acb80000, 0x00000000e0000000)
  object space 208384K, 23% used [0x00000000a0000000,0x00000000a2f56a60,0x00000000acb80000)
 Metaspace       used 64120K, capacity 67262K, committed 67416K, reserved 1107968K
  class space    used 8500K, capacity 9285K, committed 9344K, reserved 1048576K
Event: 239.622 GC heap after
Heap after GC invocations=13 (full 3):
 PSYoungGen      total 351232K, used 10872K [0x00000000e0000000, 0x00000000f8a80000, 0x0000000100000000)
  eden space 339968K, 0% used [0x00000000e0000000,0x00000000e0000000,0x00000000f4c00000)
  from space 11264K, 96% used [0x00000000f7f80000,0x00000000f8a1e230,0x00000000f8a80000)
  to   space 28160K, 0% used [0x00000000f5380000,0x00000000f5380000,0x00000000f6f00000)
 ParOldGen       total 208384K, used 48482K [0x00000000a0000000, 0x00000000acb80000, 0x00000000e0000000)
  object space 208384K, 23% used [0x00000000a0000000,0x00000000a2f58a60,0x00000000acb80000)
 Metaspace       used 64120K, capacity 67262K, committed 67416K, reserved 1107968K
  class space    used 8500K, capacity 9285K, committed 9344K, reserved 1048576K
}
Event: 265.257 GC heap before
{Heap before GC invocations=14 (full 3):
 PSYoungGen      total 351232K, used 350840K [0x00000000e0000000, 0x00000000f8a80000, 0x0000000100000000)
  eden space 339968K, 100% used [0x00000000e0000000,0x00000000f4c00000,0x00000000f4c00000)
  from space 11264K, 96% used [0x00000000f7f80000,0x00000000f8a1e230,0x00000000f8a80000)
  to   space 28160K, 0% used [0x00000000f5380000,0x00000000f5380000,0x00000000f6f00000)
 ParOldGen       total 208384K, used 48482K [0x00000000a0000000, 0x00000000acb80000, 0x00000000e0000000)
  object space 208384K, 23% used [0x00000000a0000000,0x00000000a2f58a60,0x00000000acb80000)
 Metaspace       used 75695K, capacity 79200K, committed 79448K, reserved 1118208K
  class space    used 9777K, capacity 10602K, committed 10624K, reserved 1048576K
Event: 265.310 GC heap after
Heap after GC invocations=14 (full 3):
 PSYoungGen      total 375808K, used 28142K [0x00000000e0000000, 0x00000000fd500000, 0x0000000100000000)
  eden space 347648K, 0% used [0x00000000e0000000,0x00000000e0000000,0x00000000f5380000)
  from space 28160K, 99% used [0x00000000f5380000,0x00000000f6efb898,0x00000000f6f00000)
  to   space 33280K, 0% used [0x00000000fb480000,0x00000000fb480000,0x00000000fd500000)
 ParOldGen       total 208384K, used 51245K [0x00000000a0000000, 0x00000000acb80000, 0x00000000e0000000)
  object space 208384K, 24% used [0x00000000a0000000,0x00000000a320b490,0x00000000acb80000)
 Metaspace       used 75695K, capacity 79200K, committed 79448K, reserved 1118208K
  class space    used 9777K, capacity 10602K, committed 10624K, reserved 1048576K
}
Event: 265.506 GC heap before
{Heap before GC invocations=15 (full 3):
 PSYoungGen      total 375808K, used 374916K [0x00000000e0000000, 0x00000000fd500000, 0x0000000100000000)
  eden space 347648K, 99% used [0x00000000e0000000,0x00000000f52a5ae8,0x00000000f5380000)
  from space 28160K, 99% used [0x00000000f5380000,0x00000000f6efb898,0x00000000f6f00000)
  to   space 33280K, 0% used [0x00000000fb480000,0x00000000fb480000,0x00000000fd500000)
 ParOldGen       total 208384K, used 51245K [0x00000000a0000000, 0x00000000acb80000, 0x00000000e0000000)
  object space 208384K, 24% used [0x00000000a0000000,0x00000000a320b490,0x00000000acb80000)
 Metaspace       used 75818K, capacity 79350K, committed 79448K, reserved 1118208K
  class space    used 9792K, capacity 10609K, committed 10624K, reserved 1048576K
Event: 265.546 GC heap after
Heap after GC invocations=15 (full 3):
 PSYoungGen      total 448000K, used 18181K [0x00000000e0000000, 0x0000000100000000, 0x0000000100000000)
  eden space 414720K, 0% used [0x00000000e0000000,0x00000000e0000000,0x00000000f9500000)
  from space 33280K, 54% used [0x00000000fb480000,0x00000000fc6414e0,0x00000000fd500000)
  to   space 32256K, 0% used [0x00000000f9500000,0x00000000f9500000,0x00000000fb480000)
 ParOldGen       total 208384K, used 56728K [0x00000000a0000000, 0x00000000acb80000, 0x00000000e0000000)
  object space 208384K, 27% used [0x00000000a0000000,0x00000000a3766170,0x00000000acb80000)
 Metaspace       used 75818K, capacity 79350K, committed 79448K, reserved 1118208K
  class space    used 9792K, capacity 10609K, committed 10624K, reserved 1048576K
}

