# JRE version: OpenJDK Runtime Environment (8.0_152-b01) (build 1.8.0_152-release-915-b01)
# Java VM: OpenJDK 64-Bit Server VM (25.152-b01 mixed mode windows-amd64 compressed oops)
Heap:
 PSYoungGen      total 410112K, used 314632K [0x00000000e0000000, 0x00000000fc080000, 0x0000000100000000)
  eden space 382464K, 78% used [0x00000000e0000000,0x00000000f23c0ba0,0x00000000f7580000)
  from space 27648K, 57% used [0x00000000f9200000,0x00000000fa181540,0x00000000fad00000)
  to   space 29184K, 0% used [0x00000000f7580000,0x00000000f7580000,0x00000000f9200000)
 ParOldGen       total 216576K, used 39960K [0x00000000a0000000, 0x00000000ad380000, 0x00000000e0000000)
  object space 216576K, 18% used [0x00000000a0000000,0x00000000a27063e0,0x00000000ad380000)
 Metaspace       used 73333K, capacity 76570K, committed 76632K, reserved 1116160K
  class space    used 9342K, capacity 10054K, committed 10112K, reserved 1048576K
GC Heap History (10 events):
Event: 88.686 GC heap before
{Heap before GC invocations=13 (full 3):
 PSYoungGen      total 252928K, used 230912K [0x00000000e0000000, 0x00000000f6a80000, 0x0000000100000000)
  eden space 230912K, 100% used [0x00000000e0000000,0x00000000ee180000,0x00000000ee180000)
  from space 22016K, 0% used [0x00000000ee180000,0x00000000ee180000,0x00000000ef700000)
  to   space 24576K, 0% used [0x00000000f5280000,0x00000000f5280000,0x00000000f6a80000)
 ParOldGen       total 216576K, used 39920K [0x00000000a0000000, 0x00000000ad380000, 0x00000000e0000000)
  object space 216576K, 18% used [0x00000000a0000000,0x00000000a26fc3e0,0x00000000ad380000)
 Metaspace       used 67306K, capacity 69870K, committed 70104K, reserved 1110016K
  class space    used 8875K, capacity 9434K, committed 9472K, reserved 1048576K
Event: 88.712 GC heap after
Heap after GC invocations=13 (full 3):
 PSYoungGen      total 318976K, used 16495K [0x00000000e0000000, 0x00000000f6300000, 0x0000000100000000)
  eden space 302080K, 0% used [0x00000000e0000000,0x00000000e0000000,0x00000000f2700000)
  from space 16896K, 97% used [0x00000000f5280000,0x00000000f629bdd0,0x00000000f6300000)
  to   space 24576K, 0% used [0x00000000f3300000,0x00000000f3300000,0x00000000f4b00000)
 ParOldGen       total 216576K, used 39928K [0x00000000a0000000, 0x00000000ad380000, 0x00000000e0000000)
  object space 216576K, 18% used [0x00000000a0000000,0x00000000a26fe3e0,0x00000000ad380000)
 Metaspace       used 67306K, capacity 69870K, committed 70104K, reserved 1110016K
  class space    used 8875K, capacity 9434K, committed 9472K, reserved 1048576K
}
Event: 106.106 GC heap before
{Heap before GC invocations=14 (full 3):
 PSYoungGen      total 318976K, used 318575K [0x00000000e0000000, 0x00000000f6300000, 0x0000000100000000)
  eden space 302080K, 100% used [0x00000000e0000000,0x00000000f2700000,0x00000000f2700000)
  from space 16896K, 97% used [0x00000000f5280000,0x00000000f629bdd0,0x00000000f6300000)
  to   space 24576K, 0% used [0x00000000f3300000,0x00000000f3300000,0x00000000f4b00000)
 ParOldGen       total 216576K, used 39928K [0x00000000a0000000, 0x00000000ad380000, 0x00000000e0000000)
  object space 216576K, 18% used [0x00000000a0000000,0x00000000a26fe3e0,0x00000000ad380000)
 Metaspace       used 71585K, capacity 74354K, committed 74584K, reserved 1114112K
  class space    used 9241K, capacity 9852K, committed 9856K, reserved 1048576K
Event: 106.146 GC heap after
Heap after GC invocations=14 (full 3):
 PSYoungGen      total 338944K, used 23558K [0x00000000e0000000, 0x00000000fad00000, 0x0000000100000000)
  eden space 314368K, 0% used [0x00000000e0000000,0x00000000e0000000,0x00000000f3300000)
  from space 24576K, 95% used [0x00000000f3300000,0x00000000f4a01af8,0x00000000f4b00000)
  to   space 27648K, 0% used [0x00000000f9200000,0x00000000f9200000,0x00000000fad00000)
 ParOldGen       total 216576K, used 39936K [0x00000000a0000000, 0x00000000ad380000, 0x00000000e0000000)
  object space 216576K, 18% used [0x00000000a0000000,0x00000000a27003e0,0x00000000ad380000)
 Metaspace       used 71585K, capacity 74354K, committed 74584K, reserved 1114112K
  class space    used 9241K, capacity 9852K, committed 9856K, reserved 1048576K
}
Event: 107.749 GC heap before
{Heap before GC invocations=15 (full 3):
 PSYoungGen      total 338944K, used 337926K [0x00000000e0000000, 0x00000000fad00000, 0x0000000100000000)
  eden space 314368K, 100% used [0x00000000e0000000,0x00000000f3300000,0x00000000f3300000)
  from space 24576K, 95% used [0x00000000f3300000,0x00000000f4a01af8,0x00000000f4b00000)
  to   space 27648K, 0% used [0x00000000f9200000,0x00000000f9200000,0x00000000fad00000)
 ParOldGen       total 216576K, used 39936K [0x00000000a0000000, 0x00000000ad380000, 0x00000000e0000000)
  object space 216576K, 18% used [0x00000000a0000000,0x00000000a27003e0,0x00000000ad380000)
 Metaspace       used 71679K, capacity 74482K, committed 74584K, reserved 1114112K
  class space    used 9242K, capacity 9852K, committed 9856K, reserved 1048576K
Event: 107.771 GC heap after
Heap after GC invocations=15 (full 3):
 PSYoungGen      total 410112K, used 22911K [0x00000000e0000000, 0x00000000fc080000, 0x0000000100000000)
  eden space 382464K, 0% used [0x00000000e0000000,0x00000000e0000000,0x00000000f7580000)
  from space 27648K, 82% used [0x00000000f9200000,0x00000000fa85fd38,0x00000000fad00000)
  to   space 29184K, 0% used [0x00000000f7580000,0x00000000f7580000,0x00000000f9200000)
 ParOldGen       total 216576K, used 39944K [0x00000000a0000000, 0x00000000ad380000, 0x00000000e0000000)
  object space 216576K, 18% used [0x00000000a0000000,0x00000000a27023e0,0x00000000ad380000)
 Metaspace       used 71679K, capacity 74482K, committed 74584K, reserved 1114112K
  class space    used 9242K, capacity 9852K, committed 9856K, reserved 1048576K
}
Event: 111.348 GC heap before
{Heap before GC invocations=16 (full 3):
 PSYoungGen      total 410112K, used 405375K [0x00000000e0000000, 0x00000000fc080000, 0x0000000100000000)
  eden space 382464K, 100% used [0x00000000e0000000,0x00000000f7580000,0x00000000f7580000)
  from space 27648K, 82% used [0x00000000f9200000,0x00000000fa85fd38,0x00000000fad00000)
  to   space 29184K, 0% used [0x00000000f7580000,0x00000000f7580000,0x00000000f9200000)
 ParOldGen       total 216576K, used 39944K [0x00000000a0000000, 0x00000000ad380000, 0x00000000e0000000)
  object space 216576K, 18% used [0x00000000a0000000,0x00000000a27023e0,0x00000000ad380000)
 Metaspace       used 71952K, capacity 74792K, committed 74968K, reserved 1114112K
  class space    used 9259K, capacity 9865K, committed 9984K, reserved 1048576K
Event: 111.368 GC heap after
Heap after GC invocations=16 (full 3):
 PSYoungGen      total 411648K, used 22412K [0x00000000e0000000, 0x00000000fc080000, 0x0000000100000000)
  eden space 382464K, 0% used [0x00000000e0000000,0x00000000e0000000,0x00000000f7580000)
  from space 29184K, 76% used [0x00000000f7580000,0x00000000f8b63108,0x00000000f9200000)
  to   space 27648K, 0% used [0x00000000f9200000,0x00000000f9200000,0x00000000fad00000)
 ParOldGen       total 216576K, used 39952K [0x00000000a0000000, 0x00000000ad380000, 0x00000000e0000000)
  object space 216576K, 18% used [0x00000000a0000000,0x00000000a27043e0,0x00000000ad380000)
 Metaspace       used 71952K, capacity 74792K, committed 74968K, reserved 1114112K
  class space    used 9259K, capacity 9865K, committed 9984K, reserved 1048576K
}
Event: 122.618 GC heap before
{Heap before GC invocations=17 (full 3):
 PSYoungGen      total 411648K, used 403927K [0x00000000e0000000, 0x00000000fc080000, 0x0000000100000000)
  eden space 382464K, 99% used [0x00000000e0000000,0x00000000f7492e98,0x00000000f7580000)
  from space 29184K, 76% used [0x00000000f7580000,0x00000000f8b63108,0x00000000f9200000)
  to   space 27648K, 0% used [0x00000000f9200000,0x00000000f9200000,0x00000000fad00000)
 ParOldGen       total 216576K, used 39952K [0x00000000a0000000, 0x00000000ad380000, 0x00000000e0000000)
  object space 216576K, 18% used [0x00000000a0000000,0x00000000a27043e0,0x00000000ad380000)
 Metaspace       used 72081K, capacity 74944K, committed 75224K, reserved 1114112K
  class space    used 9262K, capacity 9869K, committed 9984K, reserved 1048576K
Event: 122.651 GC heap after
Heap after GC invocations=17 (full 3):
 PSYoungGen      total 410112K, used 15877K [0x00000000e0000000, 0x00000000fc080000, 0x0000000100000000)
  eden space 382464K, 0% used [0x00000000e0000000,0x00000000e0000000,0x00000000f7580000)
  from space 27648K, 57% used [0x00000000f9200000,0x00000000fa181540,0x00000000fad00000)
  to   space 29184K, 0% used [0x00000000f7580000,0x00000000f7580000,0x00000000f9200000)
 ParOldGen       total 216576K, used 39960K [0x00000000a0000000, 0x00000000ad380000, 0x00000000e0000000)
  object space 216576K, 18% used [0x00000000a0000000,0x00000000a27063e0,0x00000000ad380000)
 Metaspace       used 72081K, capacity 74944K, committed 75224K, reserved 1114112K
  class space    used 9262K, capacity 9869K, committed 9984K, reserved 1048576K
}

